2014-04-23 18:35:54 [5653] [INFO] Starting gunicorn 18.0
2014-04-23 18:35:54 [5653] [INFO] Listening at: http://127.0.0.1:8000 (5653)
2014-04-23 18:35:54 [5653] [INFO] Using worker: sync
2014-04-23 18:35:54 [5658] [INFO] Booting worker with pid: 5658
2014-04-23 18:35:54 [5659] [INFO] Booting worker with pid: 5659
2014-04-23 18:35:54 [5660] [INFO] Booting worker with pid: 5660
2014-04-23 18:35:54 [5661] [INFO] Booting worker with pid: 5661
2014-04-23 18:36:00 [5659] [INFO] Worker exiting (pid: 5659)
2014-04-23 18:36:00 [5660] [INFO] Worker exiting (pid: 5660)
2014-04-23 18:36:00 [5661] [INFO] Worker exiting (pid: 5661)
2014-04-23 18:36:00 [5653] [INFO] Handling signal: int
Exception Exception Exception KeyErrorKeyError: KeyError: : KeyError(140152411236160,)KeyError(140152411236160,) in KeyError(140152411236160,) in <module 'threading' from '/usr/lib/python2.7/threading.pyc'> in <module 'threading' from '/usr/lib/python2.7/threading.pyc'> ignored
 ignored
<module 'threading' from '/usr/lib/python2.7/threading.pyc'> ignored
2014-04-23 18:36:00 [5658] [INFO] Worker exiting (pid: 5658)
2014-04-23 18:36:00 [5653] [INFO] Shutting down: Master
2014-04-23 18:36:18 [5728] [INFO] Starting gunicorn 18.0
2014-04-23 18:36:18 [5728] [INFO] Listening at: http://127.0.0.1:8000 (5728)
2014-04-23 18:36:18 [5728] [INFO] Using worker: sync
2014-04-23 18:36:18 [5733] [INFO] Booting worker with pid: 5733
2014-04-23 18:36:18 [5734] [INFO] Booting worker with pid: 5734
2014-04-23 18:36:18 [5735] [INFO] Booting worker with pid: 5735
2014-04-23 18:36:18 [5736] [INFO] Booting worker with pid: 5736
2014-04-23 18:36:33 [5735] [INFO] Worker exiting (pid: 5735)
2014-04-23 18:36:33 [5734] [INFO] Worker exiting (pid: 5734)
2014-04-23 10:36:33 [5736] [INFO] Worker exiting (pid: 5736)
2014-04-23 18:36:33 [5728] [INFO] Handling signal: int
2014-04-23 10:36:33 [5733] [INFO] Worker exiting (pid: 5733)
2014-04-23 18:36:33 [5728] [INFO] Shutting down: Master
2014-04-23 18:37:05 [5799] [INFO] Starting gunicorn 18.0
2014-04-23 18:37:05 [5799] [INFO] Listening at: http://127.0.0.1:8001 (5799)
2014-04-23 18:37:05 [5799] [INFO] Using worker: sync
2014-04-23 18:37:05 [5804] [INFO] Booting worker with pid: 5804
2014-04-23 18:37:05 [5805] [INFO] Booting worker with pid: 5805
2014-04-23 18:37:05 [5806] [INFO] Booting worker with pid: 5806
2014-04-23 18:37:05 [5807] [INFO] Booting worker with pid: 5807
2014-04-23 10:42:07 [5805] [INFO] Worker exiting (pid: 5805)
2014-04-23 18:42:07 [5807] [INFO] Worker exiting (pid: 5807)
2014-04-23 18:42:07 [5806] [INFO] Worker exiting (pid: 5806)
2014-04-23 10:42:07 [5804] [INFO] Worker exiting (pid: 5804)
2014-04-23 18:42:07 [5799] [INFO] Handling signal: int
2014-04-23 18:42:07 [5799] [INFO] Shutting down: Master
2014-04-23 18:44:00 [6298] [INFO] Starting gunicorn 18.0
2014-04-23 18:44:00 [6298] [INFO] Listening at: http://127.0.0.1:8001 (6298)
2014-04-23 18:44:00 [6298] [INFO] Using worker: sync
2014-04-23 18:44:00 [6303] [INFO] Booting worker with pid: 6303
2014-04-23 18:44:00 [6304] [INFO] Booting worker with pid: 6304
2014-04-23 18:44:00 [6305] [INFO] Booting worker with pid: 6305
2014-04-23 18:44:00 [6306] [INFO] Booting worker with pid: 6306
2014-04-23 18:44:16 [6305] [INFO] Worker exiting (pid: 6305)
2014-04-23 18:44:16 [6306] [INFO] Worker exiting (pid: 6306)
2014-04-23 18:44:16 [6298] [INFO] Handling signal: int
Exception KeyError: KeyError(140250800441152,) in <module 'threading' from '/usr/lib/python2.7/threading.pyc'>2014-04-23 10:44:16 [6304] [INFO] Worker exiting (pid: 6304)
 ignored
2014-04-23 18:44:16 [6303] [INFO] Worker exiting (pid: 6303)
Exception KeyError: KeyError(140250800441152,) in <module 'threading' from '/usr/lib/python2.7/threading.pyc'> ignored
2014-04-23 18:44:16 [6298] [INFO] Shutting down: Master
2014-04-23 18:44:21 [6347] [INFO] Starting gunicorn 18.0
2014-04-23 18:44:21 [6347] [INFO] Listening at: http://127.0.0.1:8001 (6347)
2014-04-23 18:44:21 [6347] [INFO] Using worker: sync
2014-04-23 18:44:21 [6352] [INFO] Booting worker with pid: 6352
2014-04-23 18:44:21 [6353] [INFO] Booting worker with pid: 6353
2014-04-23 18:44:21 [6354] [INFO] Booting worker with pid: 6354
2014-04-23 18:44:21 [6356] [INFO] Booting worker with pid: 6356
2014-04-23 18:45:33 [6347] [INFO] Handling signal: int
2014-04-23 18:45:33 [6356] [INFO] Worker exiting (pid: 6356)
2014-04-23 18:45:33 [6354] [INFO] Worker exiting (pid: 6354)
2014-04-23 18:45:33 [6353] [INFO] Worker exiting (pid: 6353)
2014-04-23 18:45:33 [6352] [INFO] Worker exiting (pid: 6352)
2014-04-23 18:45:34 [6347] [INFO] Shutting down: Master
2014-04-23 18:57:04 [6744] [INFO] Starting gunicorn 18.0
2014-04-23 18:57:04 [6744] [INFO] Listening at: http://127.0.0.1:8001 (6744)
2014-04-23 18:57:04 [6744] [INFO] Using worker: sync
2014-04-23 18:57:04 [6749] [INFO] Booting worker with pid: 6749
2014-04-23 18:57:04 [6750] [INFO] Booting worker with pid: 6750
2014-04-23 18:57:04 [6751] [INFO] Booting worker with pid: 6751
2014-04-23 18:57:04 [6752] [INFO] Booting worker with pid: 6752
2014-04-23 18:57:14 [6744] [INFO] Handling signal: term
2014-04-23 18:57:14 [6750] [INFO] Worker exiting (pid: 6750)
2014-04-23 18:57:14 [6751] [INFO] Worker exiting (pid: 6751)
2014-04-23 18:57:14 [6752] [INFO] Worker exiting (pid: 6752)
2014-04-23 18:57:14 [6749] [INFO] Worker exiting (pid: 6749)
2014-04-23 18:57:14 [6744] [INFO] Shutting down: Master
2014-04-23 18:58:25 [6849] [INFO] Starting gunicorn 18.0
2014-04-23 18:58:25 [6849] [INFO] Listening at: http://127.0.0.1:8001 (6849)
2014-04-23 18:58:25 [6849] [INFO] Using worker: sync
2014-04-23 18:58:25 [6854] [INFO] Booting worker with pid: 6854
2014-04-23 18:58:25 [6856] [INFO] Booting worker with pid: 6856
2014-04-23 18:58:25 [6857] [INFO] Booting worker with pid: 6857
2014-04-23 18:58:25 [6858] [INFO] Booting worker with pid: 6858
2014-04-23 18:58:31 [6849] [INFO] Handling signal: term
2014-04-23 18:58:31 [6854] [INFO] Worker exiting (pid: 6854)
2014-04-23 18:58:31 [6857] [INFO] Worker exiting (pid: 6857)
2014-04-23 18:58:31 [6858] [INFO] Worker exiting (pid: 6858)
2014-04-23 18:58:31 [6856] [INFO] Worker exiting (pid: 6856)
2014-04-23 18:58:31 [6849] [INFO] Shutting down: Master
